<?xml version="1.0" encoding="UTF-8"?>
<testsuite xmlns:xsi="http://www.w3.org/2001/XMLSchema-instance" xsi:noNamespaceSchemaLocation="https://maven.apache.org/surefire/maven-surefire-plugin/xsd/surefire-test-report.xsd" version="3.0.1" name="CafeProject.cafe.project.LoginTest" time="0.017" tests="3" errors="0" skipped="0" failures="0">
  <properties>
[...]
</properties>
  <testcase name="testLoginSuccess" classname="CafeProject.cafe.project.LoginTest" time="0.003"/>
  <testcase name="testLoginFailure" classname="CafeProject.cafe.project.LoginTest" time="0.005"/>
  <testcase name="testDisplayContactInfoAfterLogin" classname="CafeProject.cafe.project.LoginTest" time="0.002"/>
</testsuite>