<?xml version="1.0" encoding="UTF-8"?>
<testsuite xmlns:xsi="http://www.w3.org/2001/XMLSchema-instance" xsi:noNamespaceSchemaLocation="https://maven.apache.org/surefire/maven-surefire-plugin/xsd/surefire-test-report.xsd" version="3.0.1" name="CafeProject.cafe.project.FeatureTest" time="0.024" tests="4" errors="0" skipped="0" failures="0">
  <properties>
[...]
</properties>
  <testcase name="testContactInfoDisplay" classname="CafeProject.cafe.project.FeatureTest" time="0.012"/>
  <testcase name="testReviewDisplay" classname="CafeProject.cafe.project.FeatureTest" time="0.0"/>
  <testcase name="testInvalidMenuInput" classname="CafeProject.cafe.project.FeatureTest" time="0.0"/>
  <testcase name="testMenuNavigation" classname="CafeProject.cafe.project.FeatureTest" time="0.0"/>
</testsuite>